-I: Adding /home/biofisica2020/amber20/amber20_src/dat/leap/prep to search path.
-I: Adding /home/biofisica2020/amber20/amber20_src/dat/leap/lib to search path.
-I: Adding /home/biofisica2020/amber20/amber20_src/dat/leap/parm to search path.
-I: Adding /home/biofisica2020/amber20/amber20_src/dat/leap/cmd to search path.
-s: Ignoring startup file: leaprc
-f: Source alk2_fkbp12_tleap.in.

Welcome to LEaP!
Sourcing: ./alk2_fkbp12_tleap.in
----- Source: /home/biofisica2020/amber20/amber20_src/dat/leap/cmd/leaprc.protein.ff14SB
----- Source of /home/biofisica2020/amber20/amber20_src/dat/leap/cmd/leaprc.protein.ff14SB done
Log file: ./leap.log
Loading parameters: /home/biofisica2020/amber20/amber20_src/dat/leap/parm/parm10.dat
Reading title:
PARM99 + frcmod.ff99SB + frcmod.parmbsc0 + OL3 for RNA
Loading parameters: /home/biofisica2020/amber20/amber20_src/dat/leap/parm/frcmod.ff14SB
Reading force field modification type file (frcmod)
Reading title:
ff14SB protein backbone and sidechain parameters
Loading library: /home/biofisica2020/amber20/amber20_src/dat/leap/lib/amino12.lib
Loading library: /home/biofisica2020/amber20/amber20_src/dat/leap/lib/aminoct12.lib
Loading library: /home/biofisica2020/amber20/amber20_src/dat/leap/lib/aminont12.lib
----- Source: /home/biofisica2020/amber20/amber20_src/dat/leap/cmd/leaprc.gaff
----- Source of /home/biofisica2020/amber20/amber20_src/dat/leap/cmd/leaprc.gaff done
Log file: ./leap.log
Loading parameters: /home/biofisica2020/amber20/amber20_src/dat/leap/parm/gaff.dat
Reading title:
AMBER General Force Field for organic molecules (Version 1.81, May 2017)
----- Source: /home/biofisica2020/amber20/amber20_src/dat/leap/cmd/leaprc.water.tip3p
----- Source of /home/biofisica2020/amber20/amber20_src/dat/leap/cmd/leaprc.water.tip3p done
Loading library: /home/biofisica2020/amber20/amber20_src/dat/leap/lib/atomic_ions.lib
Loading library: /home/biofisica2020/amber20/amber20_src/dat/leap/lib/solvents.lib
Loading parameters: /home/biofisica2020/amber20/amber20_src/dat/leap/parm/frcmod.tip3p
Reading force field modification type file (frcmod)
Reading title:
This is the additional/replacement parameter set for TIP3P water
Loading parameters: /home/biofisica2020/amber20/amber20_src/dat/leap/parm/frcmod.ions1lm_126_tip3p
Reading force field modification type file (frcmod)
Reading title:
Li/Merz ion parameters of monovalent ions for TIP3P water model (12-6 normal usage set)
Loading parameters: /home/biofisica2020/amber20/amber20_src/dat/leap/parm/frcmod.ionsjc_tip3p
Reading force field modification type file (frcmod)
Reading title:
Monovalent ion parameters for Ewald and TIP3P water from Joung & Cheatham JPCB (2008)
Loading parameters: /home/biofisica2020/amber20/amber20_src/dat/leap/parm/frcmod.ions234lm_126_tip3p
Reading force field modification type file (frcmod)
Reading title:
Li/Merz ion parameters of divalent to tetravalent ions for TIP3P water model (12-6 normal usage set)
Loading PDB file: ./alk2_fkbp12.pdb
  total atoms in file: 6986
  Solute vdw bounding box:              54.799 92.397 54.438
  Total bounding box for atom centers:  70.799 108.397 70.438
  Solvent unit box:                     18.774 18.774 18.774
  Total vdw box size:                   74.141 110.945 73.748 angstroms.
  Volume: 606613.525 A^3 
  Total mass 298893.626 amu,  Density 0.818 g/cc
  Added 13825 residues.
2 Cl- ions required to neutralize.
Adding 2 counter ions to "mol" using 1A grid
Grid extends from solute vdw + 2.51  to  8.51
Resolution:      1.00 Angstrom.
Solvent present: replacing closest with ion
	 when steric overlaps occur
Calculating grid charges
(Replacing solvent molecule)
Placed Cl- in mol at (-19.01, 16.49, -0.16).
(Replacing solvent molecule)
Placed Cl- in mol at (18.86, 23.98, -5.47).

Done adding ions.
Checking Unit.
Building topology.
Building atom parameters.
Building bond parameters.
Building angle parameters.
Building proper torsion parameters.
Building improper torsion parameters.
 total 1404 improper torsions applied
Building H-Bond parameters.
Incorporating Non-Bonded adjustments.
Not Marking per-residue atom chain types.
Marking per-residue atom chain types.
  (Residues lacking connect0/connect1 - 
   these don't have chain types marked:

	res	total affected

	CASP	1
	CGLU	1
	NSER	2
	WAT	13823
  )
 (no restraints)
	Quit

Exiting LEaP: Errors = 0; Warnings = 0; Notes = 0.
